Looking for git in: git
Using git 2.17.1 from git
> git rev-parse --show-toplevel
> git rev-parse --git-dir
Open repository: /mnt/code
> git status -z -u
> git symbolic-ref --short HEAD
> git rev-parse sample_branch
> git rev-parse --symbolic-full-name sample_branch@{u}
> git rev-list --left-right sample_branch...refs/remotes/origin/sample_branch
> git for-each-ref --format %(refname) %(objectname) --sort -committerdate
> git remote --verbose
> git config --get commit.template
> git check-ignore -v -z --stdin
> git status -z -u
> git symbolic-ref --short HEAD
> git rev-parse sample_branch
> git rev-parse --symbolic-full-name sample_branch@{u}
> git rev-list --left-right sample_branch...refs/remotes/origin/sample_branch
> git for-each-ref --format %(refname) %(objectname) --sort -committerdate
> git remote --verbose
> git config --get commit.template
> git show :test.txt
> git ls-files --stage -- /mnt/code/test.txt
> git cat-file -s 679aa535f6a97ef99b13ae04725c8a6e75710f56
> git status -z -u
> git symbolic-ref --short HEAD
> git rev-parse sample_branch
> git rev-parse --symbolic-full-name sample_branch@{u}
> git rev-list --left-right sample_branch...refs/remotes/origin/sample_branch
> git for-each-ref --format %(refname) %(objectname) --sort -committerdate
> git remote --verbose
> git config --get commit.template
> git status -z -u
> git symbolic-ref --short HEAD
> git rev-parse sample_branch
> git rev-parse --symbolic-full-name sample_branch@{u}
> git rev-list --left-right sample_branch...refs/remotes/origin/sample_branch
> git for-each-ref --format %(refname) %(objectname) --sort -committerdate
> git remote --verbose
> git config --get commit.template
> git status -z -u
